Build started 2018/7/19 17:35:03.
     1>Project "E:\MyProject\Mytest\Bucket\Bucket.vcxproj" on node 2 (Build target(s)).
     1>Link:
         C:\Program Files (x86)\Microsoft Visual Studio 12.0\VC\bin\link.exe /ERRORREPORT:PROMPT /OUT:"E:\MyProject\Mytest\Debug\Bucket.exe" /INCREMENTAL /NOLOGO kernel32.lib user32.lib gdi32.lib winspool.lib comdlg32.lib advapi32.lib shell32.lib ole32.lib oleaut32.lib uuid.lib odbc32.lib odbccp32.lib /MANIFEST /MANIFESTUAC:"level='asInvoker' uiAccess='false'" /manifest:embed /DEBUG /PDB:"E:\MyProject\Mytest\Debug\Bucket.pdb" /SUBSYSTEM:CONSOLE /TLBID:1 /DYNAMICBASE /NXCOMPAT /IMPLIB:"E:\MyProject\Mytest\Debug\Bucket.lib" /MACHINE:X86 Debug\Bucket.res
         Debug\BucketState.obj
         Debug\StateManager.obj
     1>MSVCRTD.lib(crtexe.obj) : error LNK2019: unresolved external symbol _main referenced in function ___tmainCRTStartup
     1>E:\MyProject\Mytest\Debug\Bucket.exe : fatal error LNK1120: 1 unresolved externals
     1>Done Building Project "E:\MyProject\Mytest\Bucket\Bucket.vcxproj" (Build target(s)) -- FAILED.

Build FAILED.

Time Elapsed 00:00:01.50
